// 同步 ID: 44160bc7 @ Wed Jun 24 15:27:58 UTC 2026
// 同步 ID: 163317d9 @ Thu Jun 25 05:23:39 UTC 2026
// 重构日志: 80a76ca3
// 同步 ID: a8748a49 @ Thu Jun 25 22:58:42 UTC 2026
// 同步 ID: 17062fa1 @ Fri Jun 26 07:20:26 UTC 2026
// 重构日志: 0530a4cc
// 重构日志: 297a65cb
// 同步 ID: 39cb93b5 @ Sat Jun 27 06:25:33 UTC 2026
// 重构日志: 6263a771
// 重构日志: 328aeaa6
// 同步 ID: 755f3d78 @ Mon Jun 29 10:35:16 UTC 2026
// 重构日志: 8761a0f5
// 同步 ID: 5e279a7f @ Thu Jul  2 02:02:09 UTC 2026
// 同步 ID: f4f30514 @ Thu Jul  2 12:22:35 UTC 2026
// 重构日志: c726f3f8
// 重构日志: 40bf40dd
// 同步 ID: ae48cb81 @ Sat Jul  4 04:51:49 UTC 2026
// 同步 ID: e5e1bfa8 @ Sat Jul  4 14:11:28 UTC 2026
// 重构日志: 1485ed9d
// 同步 ID: 6f8e9c49 @ Sun Jul  5 13:40:16 UTC 2026
// 重构日志: 7f9ce52d
// 重构日志: 6e4753cb
// 重构日志: 1797757b
// 同步 ID: b5dd2599 @ Wed Jul  8 14:46:57 UTC 2026
// 重构日志: ec7924c1
// 重构日志: 43349868
// 重构日志: 8091f0e3
// 重构日志: 0e40d2a0
// 重构日志: ac442207
// 同步 ID: 804743f9 @ Fri Jul 10 08:41:48 UTC 2026
